--------------------------------------------------------------------------------------------------------------------------
      name:  <unnamed>
       log:  /Users/meganflores/Documents/UTSW/Sweat Programming/pset3_data/logs/ps3log.log
  log type:  text
 opened on:  23 Feb 2026, 10:04:29

. 
. /////////////////////// #2 Part A: Clean and validate people_full.csv ///////////////////////
> * Import with stringcols(_all).
. import delimited people_full.csv, stringcols(_all) 
(encoding automatically selected: ISO-8859-1)
(11 vars, 26,065 obs)

. 
. * Standardize location and sex strings (trim/case cleanup).
. tab location

   location |      Freq.     Percent        Cum.
------------+-----------------------------------
    Dallas  |      2,840       10.90       10.90
    austin  |      3,055       11.72       22.62
   houston  |      2,735       10.49       33.11
     AUSTIN |      2,840       10.90       44.01
     Austin |      3,000       11.51       55.52
     DALLAS |      2,950       11.32       66.83
     Dallas |      3,040       11.66       78.50
    Houston |      2,850       10.93       89.43
     dallas |      2,755       10.57      100.00
------------+-----------------------------------
      Total |     26,065      100.00

. replace location = strtrim(location)
(8,630 real changes made)

. replace location = strlower(location)
(17,520 real changes made)

. replace location = strproper(location)
(26,065 real changes made)

. tab location

   location |      Freq.     Percent        Cum.
------------+-----------------------------------
     Austin |      8,895       34.13       34.13
     Dallas |     11,585       44.45       78.57
    Houston |      5,585       21.43      100.00
------------+-----------------------------------
      Total |     26,065      100.00

. 
. tab sex

        sex |      Freq.     Percent        Cum.
------------+-----------------------------------
     Female |     12,715       48.78       48.78
       Male |     13,350       51.22      100.00
------------+-----------------------------------
      Total |     26,065      100.00

. 
. * Convert the following columns from strings to numeric and handle "NA" correctly: person_id household_id age height_cm 
> weight_kg systolic_bp diastolic_bp.
. foreach v in person_id household_id age height_cm weight_kg systolic_bp diastolic_bp {
  2.         destring `v', replace ignore("NA")
  3. }
person_id: all characters numeric; replaced as int
household_id: all characters numeric; replaced as long
age: characters N A removed; replaced as byte
(781 missing values generated)
height_cm: characters N A removed; replaced as double
(1303 missing values generated)
weight_kg: characters N A removed; replaced as double
(2085 missing values generated)
systolic_bp: characters N A removed; replaced as int
(3127 missing values generated)
diastolic_bp: characters N A removed; replaced as int
(3127 missing values generated)

. 
. * Convert date/time fields by creating visit_date from date_str, visit_time from time_str, and people_year from visit_da
> te.
. generate visit_date = date(date_str, "MDY")

. format visit_date %td

. generate visit_time = time_str

. generate people_year = yofd(visit_date)

. 
. * Run QA checks:
. misstable summarize
                                                               Obs<.
                                                +------------------------------
               |                                | Unique
      Variable |     Obs=.     Obs>.     Obs<.  | values        Min         Max
  -------------+--------------------------------+------------------------------
           age |       781              25,284  |     90          1          90
     height_cm |     1,303              24,762  |   >500      120.1       214.2
     weight_kg |     2,085              23,980  |   >500       9.83      146.08
   systolic_bp |     3,127              22,938  |    123         50         184
  diastolic_bp |     3,127              22,938  |     78         37         119
  -----------------------------------------------------------------------------

. * – no missing person_id (use assert !missing(person_id))
. count if missing(person_id)
  0

. bysort person_id: assert !missing(person_id)

. 
. * – unique key person_id people_year (use isid person_id people_year)
. isid person_id people_year

. duplicates report person_id people_year

Duplicates in terms of person_id people_year

--------------------------------------
   Copies | Observations       Surplus
----------+---------------------------
        1 |        26065             0
--------------------------------------

. 
. * – each non-missing person_id has 5 observations (use bysort person_id: assert_N == 5)
. bysort person_id: assert _N == 5

. 
. * Create categorical encodings named sex_id and location_id.
. encode sex, generate(sex_id)

. codebook sex_id

--------------------------------------------------------------------------------------------------------------------------
sex_id                                                                                                         (unlabeled)
--------------------------------------------------------------------------------------------------------------------------

                  Type: Numeric (long)
                 Label: sex_id

                 Range: [1,2]                         Units: 1
         Unique values: 2                         Missing .: 0/26,065

            Tabulation: Freq.   Numeric  Label
                       12,715         1  Female
                       13,350         2  Male

. encode location, generate(location_id)

. codebook location_id

--------------------------------------------------------------------------------------------------------------------------
location_id                                                                                                    (unlabeled)
--------------------------------------------------------------------------------------------------------------------------

                  Type: Numeric (long)
                 Label: location_id

                 Range: [1,3]                         Units: 1
         Unique values: 3                         Missing .: 0/26,065

            Tabulation: Freq.   Numeric  Label
                        8,895         1  Austin
                       11,585         2  Dallas
                        5,585         3  Houston

. 
. * Create these grouped variables using bysort:
. * – hh_n: number of rows per household_id
. bysort household_id: generate hh_n=_N

. 
. * – hh_row: within-household row index after sorting by person_id people_year
. bysort household_id (person_id people_year): generate hh_index=_n

. 
. * – hh_mean_age: household-level mean of age
. bysort household_id: egen mean_hh_age = mean(age)

. 
. * Export a cleaned file to processed_data/ps3_people_clean.csv.
. save "processed_data/ps3_people_clean.csv", replace
file processed_data/ps3_people_clean.csv saved as .dta format

. 
. /////////////////////// #3 Part A: Clean and validate households.csv ///////////////////////
> import delimited households.csv, clear varnames(1)
(encoding automatically selected: ISO-8859-1)
(6 vars, 3,251 obs)

. 
. * Convert household_id year region_id income hh_size from strings to numeric (handle "NA" if present)
. foreach v in household_id year region_id income hh_size {
  2.         destring `v', replace
  3. }
household_id already numeric; no replace
year already numeric; no replace
region_id already numeric; no replace
income already numeric; no replace
hh_size already numeric; no replace

. 
. * Encode region into region_code and inspect labels.
. encode region, generate(region_code)

. label list region_code
region_code:
           1 Central
           2 Coastal
           3 Desert
           4 East
           5 Lakes
           6 Mountain
           7 North
           8 Plains
           9 South
          10 West

. tab region_code, missing

region_code |      Freq.     Percent        Cum.
------------+-----------------------------------
    Central |        321        9.87        9.87
    Coastal |        329       10.12       19.99
     Desert |        300        9.23       29.22
       East |        354       10.89       40.11
      Lakes |        304        9.35       49.46
   Mountain |        333       10.24       59.70
      North |        348       10.70       70.41
     Plains |        293        9.01       79.42
      South |        313        9.63       89.05
       West |        356       10.95      100.00
------------+-----------------------------------
      Total |      3,251      100.00

. 
. * Create these grouped variables:
. * – year_mean_income: mean of income by year
. bysort year: egen year_mean_income = mean(income)

. 
. * – region_year_mean_income: mean of income by region_code year
. bysort region_code year: egen region_year_mean_income = mean(income)

. 
. * – region_year_row: within-region_code index after sorting by year
. bysort region_code (year): generate region_year_row=_n

. 
. * Run this regression (factor-variable notation): reg income i.region_code c.hh_size##c.year.
. regress income i.region_code c.hh_size##c.year

      Source |       SS           df       MS      Number of obs   =     3,251
-------------+----------------------------------   F(12, 3238)     =      2.16
       Model |  2.4375e+10        12  2.0313e+09   Prob > F        =    0.0113
    Residual |  3.0459e+12     3,238   940665410   R-squared       =    0.0079
-------------+----------------------------------   Adj R-squared   =    0.0043
       Total |  3.0702e+12     3,250   944692192   Root MSE        =     30670

----------------------------------------------------------------------------------
          income | Coefficient  Std. err.      t    P>|t|     [95% conf. interval]
-----------------+----------------------------------------------------------------
     region_code |
        Coastal  |  -4307.603   2406.766    -1.79   0.074    -9026.542    411.3361
         Desert  |  -1649.646   2463.062    -0.67   0.503    -6478.965    3179.673
           East  |  -4450.786    2364.67    -1.88   0.060    -9087.188    185.6158
          Lakes  |   1658.144   2456.666     0.67   0.500    -3158.632    6474.921
       Mountain  |   835.0835   2399.783     0.35   0.728    -3870.163     5540.33
          North  |  -3864.784   2374.125    -1.63   0.104    -8519.724     790.156
         Plains  |  -2523.088   2478.304    -1.02   0.309    -7382.291    2336.116
          South  |  -5997.278   2436.412    -2.46   0.014    -10774.34   -1220.213
           West  |  -340.6519   2360.992    -0.14   0.885    -4969.842    4288.538
                 |
         hh_size |  -156818.3   549446.9    -0.29   0.775     -1234117    920480.5
            year |   643.5645   911.9977     0.71   0.480    -1144.587    2431.716
                 |
c.hh_size#c.year |   77.67602    271.605     0.29   0.775    -454.8591    610.2111
                 |
           _cons |   -1229524    1844977    -0.67   0.505     -4846966     2387917
----------------------------------------------------------------------------------

. 
. * Export a cleaned file to processed_data/ps3_households_clean.csv.
. save "processed_data/ps3_households_clean.csv", replace
file processed_data/ps3_households_clean.csv saved as .dta format

. 
. /////////////////////// #4 Part A: Clean and validate regions.csv as panel data ///////////////////////
> import delimited regions.csv, clear varnames(1)
(encoding automatically selected: ISO-8859-1)
(5 vars, 80 obs)

. 
. * Convert numeric variables from strings and handle "NA".
. foreach v in region_id year median_income population {
  2.         destring `v', replace ignore("NA")
  3. }
region_id: characters N A removed; replaced as byte
(5 missing values generated)
year: characters N A removed; replaced as int
(5 missing values generated)
median_income: characters N A removed; replaced as long
(5 missing values generated)
population: characters N A removed; replaced as long
(5 missing values generated)

. 
. * Drop rows with missing panel keys.
. tab region_name

region_name |      Freq.     Percent        Cum.
------------+-----------------------------------
    Central |          5        6.25        6.25
    Coastal |          5        6.25       12.50
     Desert |          5        6.25       18.75
       East |          5        6.25       25.00
   Frontier |          5        6.25       31.25
     Harbor |          5        6.25       37.50
      Lakes |          5        6.25       43.75
   Mountain |          5        6.25       50.00
         NA |          5        6.25       56.25
      North |          5        6.25       62.50
       Pine |          5        6.25       68.75
     Plains |          5        6.25       75.00
    Prairie |          5        6.25       81.25
      River |          5        6.25       87.50
      South |          5        6.25       93.75
       West |          5        6.25      100.00
------------+-----------------------------------
      Total |         80      100.00

. duplicates report region_id year

Duplicates in terms of region_id year

--------------------------------------
   Copies | Observations       Surplus
----------+---------------------------
        1 |           75             0
        5 |            5             4
--------------------------------------

. drop if missing(region_id) | missing(year)
(5 observations deleted)

. 
. * Verify unique region_id year.
. isid region_id year

. 
. * Declare panel structure with xtset region_id year.
. xtset region_id year

Panel variable: region_id (strongly balanced)
 Time variable: year, 2021 to 2025
         Delta: 1 unit

. 
. * Generate both:
. * yoy_change_median_income = median_income - L.median_income
. generate yoy_change_median_income = median_income - L.median_income
(15 missing values generated)

.  
. * median_income_growth_rate = (median_income - L.median_income) / L.median_income
. generate median_income_growth_rate = (median_income - L.median_income) / L.median_income
(15 missing values generated)

. 
. * Run xtdescribe and xtsum median_income population yoy_change_median_income median_income_growth_rate.
. xtdescribe 

region_id:  1, 2, ..., 15                                    n =         15
    year:  2021, 2022, ..., 2025                             T =          5
           Delta(year) = 1 unit
           Span(year)  = 5 periods
           (region_id*year uniquely identifies each observation)

Distribution of T_i:   min      5%     25%       50%       75%     95%     max
                         5       5       5         5         5       5       5

     Freq.  Percent    Cum. |  Pattern
 ---------------------------+---------
       15    100.00  100.00 |  11111
 ---------------------------+---------
       15    100.00         |  XXXXX

. xtsum median_income population yoy_change_median_income median_income_growth_rate

Variable         |      Mean   Std. dev.       Min        Max |    Observations
-----------------+--------------------------------------------+----------------
media~me overall |  71821.33   17045.69      44998     117108 |     N =      75
         between |              10260.8    56092.4    95379.4 |     n =      15
         within  |             13818.92   47685.93   115594.7 |     T =       5
                 |                                            |
popula~n overall |  701487.8     111303     469165     905489 |     N =      75
         between |             107982.3   541192.8   852863.2 |     n =      15
         within  |             36857.27     603036   793138.6 |     T =       5
                 |                                            |
yoy_ch~e overall |   -2678.2    19754.8     -56492      35955 |     N =      60
         between |             5418.039   -13929.5    5998.25 |     n =      15
         within  |             19036.53  -47173.45    42449.8 |     T =       4
                 |                                            |
media~te overall |  .0058845   .2726874  -.4823923   .5343608 |     N =      60
         between |             .0714584  -.1020232   .1756765 |     n =      15
         within  |             .2636508  -.6308615   .5776059 |     T =       4

. 
. * Export a cleaned file to processed_data/ps3_regions_clean.csv.
. save "processed_data/ps3_regions_clean.csv", replace
file processed_data/ps3_regions_clean.csv saved as .dta format

. 
. 
. 
. 
. 
. 
end of do-file

